<?xml version="1.0" encoding="UTF-8"?>
<robot generator="Robot 6.0.2 (Python 3.10.8 on win32)" generated="20230706 11:47:37.434" rpa="false" schemaversion="3">
<suite id="s1" name="Sourcefuse" source="C:\Users\ADMIN\Desktop\Sourcefuse\Sourcefuse.robot">
<test id="s1-t1" name="TestCase1" line="17">
<kw name="open browser with URL" type="SETUP">
<kw name="Open Browser" library="SeleniumLibrary">
<arg>http://${User name}:${Password}@sfwebhtml.sourcefuse.com/automation-form-demo-for-interview/</arg>
<arg>chrome</arg>
<doc>Opens a new browser instance to the optional ``url``.</doc>
<msg timestamp="20230706 11:47:38.152" level="INFO">Opening browser 'chrome' to base url 'http://sfwebhtml:t63KUfxL5vUyFLG4eqZNUcuRQ@sfwebhtml.sourcefuse.com/automation-form-demo-for-interview/'.</msg>
<status status="PASS" starttime="20230706 11:47:38.152" endtime="20230706 11:47:44.727"/>
</kw>
<status status="PASS" starttime="20230706 11:47:38.152" endtime="20230706 11:47:44.727"/>
</kw>
<kw name="Click Button" library="SeleniumLibrary">
<arg>xpath://button[@type='submit']</arg>
<doc>Clicks the button identified by ``locator``.</doc>
<msg timestamp="20230706 11:47:44.734" level="INFO">Clicking button 'xpath://button[@type='submit']'.</msg>
<status status="PASS" starttime="20230706 11:47:44.727" endtime="20230706 11:47:44.894"/>
</kw>
<kw name="Close Browser" library="SeleniumLibrary" type="TEARDOWN">
<doc>Closes the current browser.</doc>
<status status="PASS" starttime="20230706 11:47:44.894" endtime="20230706 11:47:47.152"/>
</kw>
<doc>Dirct Click Submit Button</doc>
<tag>Assignment</tag>
<status status="PASS" starttime="20230706 11:47:38.152" endtime="20230706 11:47:47.152"/>
</test>
<test id="s1-t2" name="TestCase2" line="23">
<kw name="open browser with URL" type="SETUP">
<kw name="Open Browser" library="SeleniumLibrary">
<arg>http://${User name}:${Password}@sfwebhtml.sourcefuse.com/automation-form-demo-for-interview/</arg>
<arg>chrome</arg>
<doc>Opens a new browser instance to the optional ``url``.</doc>
<msg timestamp="20230706 11:47:47.152" level="INFO">Opening browser 'chrome' to base url 'http://sfwebhtml:t63KUfxL5vUyFLG4eqZNUcuRQ@sfwebhtml.sourcefuse.com/automation-form-demo-for-interview/'.</msg>
<status status="PASS" starttime="20230706 11:47:47.152" endtime="20230706 11:47:52.398"/>
</kw>
<status status="PASS" starttime="20230706 11:47:47.152" endtime="20230706 11:47:52.399"/>
</kw>
<kw name="Page Should Contain Element" library="SeleniumLibrary">
<arg>xpath:(//input[@type='text'])[1]</arg>
<doc>Verifies that element ``locator`` is found on the current page.</doc>
<msg timestamp="20230706 11:47:52.427" level="INFO">Current page contains element 'xpath:(//input[@type='text'])[1]'.</msg>
<status status="PASS" starttime="20230706 11:47:52.400" endtime="20230706 11:47:52.427"/>
</kw>
<kw name="Page Should Contain Element" library="SeleniumLibrary">
<arg>xpath:(//input[@type='text'])[2]</arg>
<doc>Verifies that element ``locator`` is found on the current page.</doc>
<msg timestamp="20230706 11:47:52.451" level="INFO">Current page contains element 'xpath:(//input[@type='text'])[2]'.</msg>
<status status="PASS" starttime="20230706 11:47:52.428" endtime="20230706 11:47:52.452"/>
</kw>
<kw name="Page Should Contain Element" library="SeleniumLibrary">
<arg>xpath:(//input[@type='email'])</arg>
<doc>Verifies that element ``locator`` is found on the current page.</doc>
<msg timestamp="20230706 11:47:52.473" level="INFO">Current page contains element 'xpath:(//input[@type='email'])'.</msg>
<status status="PASS" starttime="20230706 11:47:52.452" endtime="20230706 11:47:52.473"/>
</kw>
<kw name="Page Should Contain Element" library="SeleniumLibrary">
<arg>xpath:(//input[@type='text'])[3]</arg>
<doc>Verifies that element ``locator`` is found on the current page.</doc>
<msg timestamp="20230706 11:47:52.480" level="INFO">Current page contains element 'xpath:(//input[@type='text'])[3]'.</msg>
<status status="PASS" starttime="20230706 11:47:52.473" endtime="20230706 11:47:52.480"/>
</kw>
<kw name="Page Should Contain Element" library="SeleniumLibrary">
<arg>xpath:(//input[@type='tel'])</arg>
<doc>Verifies that element ``locator`` is found on the current page.</doc>
<msg timestamp="20230706 11:47:52.512" level="INFO">Current page contains element 'xpath:(//input[@type='tel'])'.</msg>
<status status="PASS" starttime="20230706 11:47:52.480" endtime="20230706 11:47:52.512"/>
</kw>
<kw name="Page Should Contain Element" library="SeleniumLibrary">
<arg>xpath:(//input[@type='text'])[4]</arg>
<doc>Verifies that element ``locator`` is found on the current page.</doc>
<msg timestamp="20230706 11:47:52.527" level="INFO">Current page contains element 'xpath:(//input[@type='text'])[4]'.</msg>
<status status="PASS" starttime="20230706 11:47:52.512" endtime="20230706 11:47:52.527"/>
</kw>
<kw name="Page Should Contain Element" library="SeleniumLibrary">
<arg>xpath:(//input[@type='text'])[5]</arg>
<doc>Verifies that element ``locator`` is found on the current page.</doc>
<msg timestamp="20230706 11:47:52.543" level="INFO">Current page contains element 'xpath:(//input[@type='text'])[5]'.</msg>
<status status="PASS" starttime="20230706 11:47:52.527" endtime="20230706 11:47:52.543"/>
</kw>
<kw name="Page Should Contain Element" library="SeleniumLibrary">
<arg>xpath:(//input[@type='url'])</arg>
<doc>Verifies that element ``locator`` is found on the current page.</doc>
<msg timestamp="20230706 11:47:52.559" level="INFO">Current page contains element 'xpath:(//input[@type='url'])'.</msg>
<status status="PASS" starttime="20230706 11:47:52.543" endtime="20230706 11:47:52.559"/>
</kw>
<kw name="Page Should Contain Element" library="SeleniumLibrary">
<arg>xpath:(//input[@type='text'])[6]</arg>
<doc>Verifies that element ``locator`` is found on the current page.</doc>
<msg timestamp="20230706 11:47:52.575" level="INFO">Current page contains element 'xpath:(//input[@type='text'])[6]'.</msg>
<status status="PASS" starttime="20230706 11:47:52.559" endtime="20230706 11:47:52.590"/>
</kw>
<kw name="Page Should Contain Element" library="SeleniumLibrary">
<arg>xpath:(//input[@type='text'])[7]</arg>
<doc>Verifies that element ``locator`` is found on the current page.</doc>
<msg timestamp="20230706 11:47:52.606" level="INFO">Current page contains element 'xpath:(//input[@type='text'])[7]'.</msg>
<status status="PASS" starttime="20230706 11:47:52.590" endtime="20230706 11:47:52.606"/>
</kw>
<kw name="Page Should Contain Element" library="SeleniumLibrary">
<arg>xpath://textarea[@id='address']</arg>
<doc>Verifies that element ``locator`` is found on the current page.</doc>
<msg timestamp="20230706 11:47:52.621" level="INFO">Current page contains element 'xpath://textarea[@id='address']'.</msg>
<status status="PASS" starttime="20230706 11:47:52.606" endtime="20230706 11:47:52.621"/>
</kw>
<kw name="Page Should Contain Element" library="SeleniumLibrary">
<arg>xpath:(//input[@type='file'])</arg>
<doc>Verifies that element ``locator`` is found on the current page.</doc>
<msg timestamp="20230706 11:47:52.638" level="INFO">Current page contains element 'xpath:(//input[@type='file'])'.</msg>
<status status="PASS" starttime="20230706 11:47:52.621" endtime="20230706 11:47:52.638"/>
</kw>
<kw name="Page Should Contain Element" library="SeleniumLibrary">
<arg>xpath://input[@id='yes']</arg>
<doc>Verifies that element ``locator`` is found on the current page.</doc>
<msg timestamp="20230706 11:47:52.653" level="INFO">Current page contains element 'xpath://input[@id='yes']'.</msg>
<status status="PASS" starttime="20230706 11:47:52.638" endtime="20230706 11:47:52.653"/>
</kw>
<kw name="Page Should Contain Element" library="SeleniumLibrary">
<arg>xpath://input[@id='no']</arg>
<doc>Verifies that element ``locator`` is found on the current page.</doc>
<msg timestamp="20230706 11:47:52.684" level="INFO">Current page contains element 'xpath://input[@id='no']'.</msg>
<status status="PASS" starttime="20230706 11:47:52.653" endtime="20230706 11:47:52.684"/>
</kw>
<kw name="Page Should Contain Element" library="SeleniumLibrary">
<arg>xpath://input[@id='notSure']</arg>
<doc>Verifies that element ``locator`` is found on the current page.</doc>
<msg timestamp="20230706 11:47:52.700" level="INFO">Current page contains element 'xpath://input[@id='notSure']'.</msg>
<status status="PASS" starttime="20230706 11:47:52.684" endtime="20230706 11:47:52.700"/>
</kw>
<kw name="Close Browser" library="SeleniumLibrary" type="TEARDOWN">
<doc>Closes the current browser.</doc>
<status status="PASS" starttime="20230706 11:47:52.700" endtime="20230706 11:47:54.946"/>
</kw>
<doc>Check all input fields</doc>
<tag>Assignment</tag>
<status status="PASS" starttime="20230706 11:47:47.152" endtime="20230706 11:47:54.946"/>
</test>
<test id="s1-t3" name="TestCase3" line="42">
<kw name="open browser with URL" type="SETUP">
<kw name="Open Browser" library="SeleniumLibrary">
<arg>http://${User name}:${Password}@sfwebhtml.sourcefuse.com/automation-form-demo-for-interview/</arg>
<arg>chrome</arg>
<doc>Opens a new browser instance to the optional ``url``.</doc>
<msg timestamp="20230706 11:47:54.946" level="INFO">Opening browser 'chrome' to base url 'http://sfwebhtml:t63KUfxL5vUyFLG4eqZNUcuRQ@sfwebhtml.sourcefuse.com/automation-form-demo-for-interview/'.</msg>
<status status="PASS" starttime="20230706 11:47:54.946" endtime="20230706 11:47:59.965"/>
</kw>
<status status="PASS" starttime="20230706 11:47:54.946" endtime="20230706 11:47:59.965"/>
</kw>
<kw name="Input Text" library="SeleniumLibrary">
<arg>xpath:(//input[@type='text'])[1]</arg>
<arg>Akash</arg>
<doc>Types the given ``text`` into the text field identified by ``locator``.</doc>
<msg timestamp="20230706 11:47:59.967" level="INFO">Typing text 'Akash' into text field 'xpath:(//input[@type='text'])[1]'.</msg>
<status status="PASS" starttime="20230706 11:47:59.966" endtime="20230706 11:48:00.169"/>
</kw>
<kw name="Input Text" library="SeleniumLibrary">
<arg>xpath:(//input[@type='text'])[2]</arg>
<arg>Dilwale</arg>
<doc>Types the given ``text`` into the text field identified by ``locator``.</doc>
<msg timestamp="20230706 11:48:00.171" level="INFO">Typing text 'Dilwale' into text field 'xpath:(//input[@type='text'])[2]'.</msg>
<status status="PASS" starttime="20230706 11:48:00.170" endtime="20230706 11:48:00.319"/>
</kw>
<kw name="Input Text" library="SeleniumLibrary">
<arg>xpath:(//input[@type='email'])</arg>
<arg>akashdilwale@gmail.com</arg>
<doc>Types the given ``text`` into the text field identified by ``locator``.</doc>
<msg timestamp="20230706 11:48:00.323" level="INFO">Typing text 'akashdilwale@gmail.com' into text field 'xpath:(//input[@type='email'])'.</msg>
<status status="PASS" starttime="20230706 11:48:00.323" endtime="20230706 11:48:00.519"/>
</kw>
<kw name="Input Text" library="SeleniumLibrary">
<arg>xpath:(//input[@type='text'])[3]</arg>
<arg>Smart Software Solution</arg>
<doc>Types the given ``text`` into the text field identified by ``locator``.</doc>
<msg timestamp="20230706 11:48:00.519" level="INFO">Typing text 'Smart Software Solution' into text field 'xpath:(//input[@type='text'])[3]'.</msg>
<status status="PASS" starttime="20230706 11:48:00.519" endtime="20230706 11:48:00.711"/>
</kw>
<kw name="Input Text" library="SeleniumLibrary">
<arg>xpath:(//input[@type='tel'])</arg>
<arg>7058221614</arg>
<doc>Types the given ``text`` into the text field identified by ``locator``.</doc>
<msg timestamp="20230706 11:48:00.711" level="INFO">Typing text '7058221614' into text field 'xpath:(//input[@type='tel'])'.</msg>
<status status="PASS" starttime="20230706 11:48:00.711" endtime="20230706 11:48:00.864"/>
</kw>
<kw name="Input Text" library="SeleniumLibrary">
<arg>xpath:(//input[@type='text'])[4]</arg>
<arg>09/06/1995</arg>
<doc>Types the given ``text`` into the text field identified by ``locator``.</doc>
<msg timestamp="20230706 11:48:00.864" level="INFO">Typing text '09/06/1995' into text field 'xpath:(//input[@type='text'])[4]'.</msg>
<status status="PASS" starttime="20230706 11:48:00.864" endtime="20230706 11:48:01.140"/>
</kw>
<kw name="Input Text" library="SeleniumLibrary">
<arg>xpath:(//input[@type='text'])[5]</arg>
<arg>Software Tester</arg>
<doc>Types the given ``text`` into the text field identified by ``locator``.</doc>
<msg timestamp="20230706 11:48:01.140" level="INFO">Typing text 'Software Tester' into text field 'xpath:(//input[@type='text'])[5]'.</msg>
<status status="PASS" starttime="20230706 11:48:01.140" endtime="20230706 11:48:01.315"/>
</kw>
<kw name="Input Text" library="SeleniumLibrary">
<arg>xpath:(//input[@type='url'])</arg>
<arg>https://akashdilwale.netlify</arg>
<doc>Types the given ``text`` into the text field identified by ``locator``.</doc>
<msg timestamp="20230706 11:48:01.315" level="INFO">Typing text 'https://akashdilwale.netlify' into text field 'xpath:(//input[@type='url'])'.</msg>
<status status="PASS" starttime="20230706 11:48:01.315" endtime="20230706 11:48:01.520"/>
</kw>
<kw name="Input Text" library="SeleniumLibrary">
<arg>xpath:(//input[@type='text'])[6]</arg>
<arg>1000000 negotiable</arg>
<doc>Types the given ``text`` into the text field identified by ``locator``.</doc>
<msg timestamp="20230706 11:48:01.520" level="INFO">Typing text '1000000 negotiable' into text field 'xpath:(//input[@type='text'])[6]'.</msg>
<status status="PASS" starttime="20230706 11:48:01.520" endtime="20230706 11:48:01.698"/>
</kw>
<kw name="Input Text" library="SeleniumLibrary">
<arg>xpath:(//input[@type='text'])[7]</arg>
<arg>07/20/2023</arg>
<doc>Types the given ``text`` into the text field identified by ``locator``.</doc>
<msg timestamp="20230706 11:48:01.698" level="INFO">Typing text '07/20/2023' into text field 'xpath:(//input[@type='text'])[7]'.</msg>
<status status="PASS" starttime="20230706 11:48:01.698" endtime="20230706 11:48:01.863"/>
</kw>
<kw name="Input Text" library="SeleniumLibrary">
<arg>xpath://textarea[@id='address']</arg>
<arg>At Post Paithn Aurangabad Maharastra</arg>
<doc>Types the given ``text`` into the text field identified by ``locator``.</doc>
<msg timestamp="20230706 11:48:01.864" level="INFO">Typing text 'At Post Paithn Aurangabad Maharastra' into text field 'xpath://textarea[@id='address']'.</msg>
<status status="PASS" starttime="20230706 11:48:01.864" endtime="20230706 11:48:02.064"/>
</kw>
<kw name="Choose File" library="SeleniumLibrary">
<arg>xpath:(//input[@type='file'])</arg>
<arg>C:\\Users\\ADMIN\\Desktop\\Akash_STE.pdf</arg>
<doc>Inputs the ``file_path`` into the file input field ``locator``.</doc>
<msg timestamp="20230706 11:48:02.064" level="INFO">Sending C:\Users\ADMIN\Desktop\Akash_STE.pdf to browser.</msg>
<status status="PASS" starttime="20230706 11:48:02.064" endtime="20230706 11:48:02.128"/>
</kw>
<kw name="Click Element" library="SeleniumLibrary">
<arg>xpath://input[@id='yes']</arg>
<doc>Click the element identified by ``locator``.</doc>
<msg timestamp="20230706 11:48:02.128" level="INFO">Clicking element 'xpath://input[@id='yes']'.</msg>
<status status="PASS" starttime="20230706 11:48:02.128" endtime="20230706 11:48:02.240"/>
</kw>
<kw name="Click Button" library="SeleniumLibrary">
<arg>xpath://button[@type='submit']</arg>
<doc>Clicks the button identified by ``locator``.</doc>
<msg timestamp="20230706 11:48:02.250" level="INFO">Clicking button 'xpath://button[@type='submit']'.</msg>
<status status="PASS" starttime="20230706 11:48:02.250" endtime="20230706 11:48:03.379"/>
</kw>
<kw name="Close Browser" library="SeleniumLibrary" type="TEARDOWN">
<doc>Closes the current browser.</doc>
<status status="PASS" starttime="20230706 11:48:03.380" endtime="20230706 11:48:05.929"/>
</kw>
<doc>Submit the form after filling all details properly by using XPath only</doc>
<tag>Assignment</tag>
<status status="PASS" starttime="20230706 11:47:54.946" endtime="20230706 11:48:05.929"/>
</test>
<doc>Assignment SoureFuse</doc>
<status status="PASS" starttime="20230706 11:47:37.434" endtime="20230706 11:48:05.929"/>
</suite>
<statistics>
<total>
<stat pass="3" fail="0" skip="0">All Tests</stat>
</total>
<tag>
<stat pass="3" fail="0" skip="0">Assignment</stat>
</tag>
<suite>
<stat pass="3" fail="0" skip="0" id="s1" name="Sourcefuse">Sourcefuse</stat>
</suite>
</statistics>
<errors>
</errors>
</robot>
