<?xml version="1.0" encoding="UTF-8"?>
<robot generator="Robot 6.0.2 (Python 3.10.8 on win32)" generated="20230706 11:28:10.368" rpa="false" schemaversion="3">
<suite id="s1" name="Test Case1" source="C:\Users\ADMIN\Desktop\Sourcefuse\Test_Case1.robot">
<test id="s1-t1" name="TestCase1" line="16">
<kw name="open browser with URL" type="SETUP">
<kw name="Open Browser" library="SeleniumLibrary">
<arg>http://${User name}:${Password}@sfwebhtml.sourcefuse.com/automation-form-demo-for-interview/</arg>
<arg>chrome</arg>
<doc>Opens a new browser instance to the optional ``url``.</doc>
<msg timestamp="20230706 11:28:10.633" level="INFO">Opening browser 'chrome' to base url 'http://sfwebhtml:t63KUfxL5vUyFLG4eqZNUcuRQ@sfwebhtml.sourcefuse.com/automation-form-demo-for-interview/'.</msg>
<status status="PASS" starttime="20230706 11:28:10.633" endtime="20230706 11:28:18.684"/>
</kw>
<status status="PASS" starttime="20230706 11:28:10.633" endtime="20230706 11:28:18.696"/>
</kw>
<kw name="Click Button" library="SeleniumLibrary">
<arg>xpath://button[@type='submit']</arg>
<doc>Clicks the button identified by ``locator``.</doc>
<msg timestamp="20230706 11:28:18.703" level="INFO">Clicking button 'xpath://button[@type='submit']'.</msg>
<status status="PASS" starttime="20230706 11:28:18.702" endtime="20230706 11:28:18.863"/>
</kw>
<kw name="Close Browser" library="SeleniumLibrary" type="TEARDOWN">
<doc>Closes the current browser.</doc>
<status status="PASS" starttime="20230706 11:28:18.863" endtime="20230706 11:28:21.280"/>
</kw>
<status status="PASS" starttime="20230706 11:28:10.633" endtime="20230706 11:28:21.280"/>
</test>
<test id="s1-t2" name="TestCase2" line="21">
<kw name="open browser with URL" type="SETUP">
<kw name="Open Browser" library="SeleniumLibrary">
<arg>http://${User name}:${Password}@sfwebhtml.sourcefuse.com/automation-form-demo-for-interview/</arg>
<arg>chrome</arg>
<doc>Opens a new browser instance to the optional ``url``.</doc>
<msg timestamp="20230706 11:28:21.280" level="INFO">Opening browser 'chrome' to base url 'http://sfwebhtml:t63KUfxL5vUyFLG4eqZNUcuRQ@sfwebhtml.sourcefuse.com/automation-form-demo-for-interview/'.</msg>
<status status="PASS" starttime="20230706 11:28:21.280" endtime="20230706 11:28:26.855"/>
</kw>
<status status="PASS" starttime="20230706 11:28:21.280" endtime="20230706 11:28:26.856"/>
</kw>
<kw name="Page Should Contain Element" library="SeleniumLibrary">
<arg>xpath:(//input[@type='text'])[1]</arg>
<doc>Verifies that element ``locator`` is found on the current page.</doc>
<msg timestamp="20230706 11:28:26.876" level="INFO">Current page contains element 'xpath:(//input[@type='text'])[1]'.</msg>
<status status="PASS" starttime="20230706 11:28:26.858" endtime="20230706 11:28:26.876"/>
</kw>
<kw name="Page Should Contain Element" library="SeleniumLibrary">
<arg>xpath:(//input[@type='text'])[2]</arg>
<doc>Verifies that element ``locator`` is found on the current page.</doc>
<msg timestamp="20230706 11:28:26.892" level="INFO">Current page contains element 'xpath:(//input[@type='text'])[2]'.</msg>
<status status="PASS" starttime="20230706 11:28:26.876" endtime="20230706 11:28:26.892"/>
</kw>
<kw name="Page Should Contain Element" library="SeleniumLibrary">
<arg>xpath:(//input[@type='email'])</arg>
<doc>Verifies that element ``locator`` is found on the current page.</doc>
<msg timestamp="20230706 11:28:26.925" level="INFO">Current page contains element 'xpath:(//input[@type='email'])'.</msg>
<status status="PASS" starttime="20230706 11:28:26.907" endtime="20230706 11:28:26.925"/>
</kw>
<kw name="Page Should Contain Element" library="SeleniumLibrary">
<arg>xpath:(//input[@type='text'])[3]</arg>
<doc>Verifies that element ``locator`` is found on the current page.</doc>
<msg timestamp="20230706 11:28:26.942" level="INFO">Current page contains element 'xpath:(//input[@type='text'])[3]'.</msg>
<status status="PASS" starttime="20230706 11:28:26.926" endtime="20230706 11:28:26.942"/>
</kw>
<kw name="Page Should Contain Element" library="SeleniumLibrary">
<arg>xpath:(//input[@type='tel'])</arg>
<doc>Verifies that element ``locator`` is found on the current page.</doc>
<msg timestamp="20230706 11:28:26.958" level="INFO">Current page contains element 'xpath:(//input[@type='tel'])'.</msg>
<status status="PASS" starttime="20230706 11:28:26.942" endtime="20230706 11:28:26.958"/>
</kw>
<kw name="Page Should Contain Element" library="SeleniumLibrary">
<arg>xpath:(//input[@type='text'])[4]</arg>
<doc>Verifies that element ``locator`` is found on the current page.</doc>
<msg timestamp="20230706 11:28:26.973" level="INFO">Current page contains element 'xpath:(//input[@type='text'])[4]'.</msg>
<status status="PASS" starttime="20230706 11:28:26.958" endtime="20230706 11:28:26.973"/>
</kw>
<kw name="Page Should Contain Element" library="SeleniumLibrary">
<arg>xpath:(//input[@type='text'])[5]</arg>
<doc>Verifies that element ``locator`` is found on the current page.</doc>
<msg timestamp="20230706 11:28:26.989" level="INFO">Current page contains element 'xpath:(//input[@type='text'])[5]'.</msg>
<status status="PASS" starttime="20230706 11:28:26.973" endtime="20230706 11:28:26.989"/>
</kw>
<kw name="Page Should Contain Element" library="SeleniumLibrary">
<arg>xpath:(//input[@type='url'])</arg>
<doc>Verifies that element ``locator`` is found on the current page.</doc>
<msg timestamp="20230706 11:28:27.005" level="INFO">Current page contains element 'xpath:(//input[@type='url'])'.</msg>
<status status="PASS" starttime="20230706 11:28:26.989" endtime="20230706 11:28:27.005"/>
</kw>
<kw name="Page Should Contain Element" library="SeleniumLibrary">
<arg>xpath:(//input[@type='text'])[6]</arg>
<doc>Verifies that element ``locator`` is found on the current page.</doc>
<msg timestamp="20230706 11:28:27.020" level="INFO">Current page contains element 'xpath:(//input[@type='text'])[6]'.</msg>
<status status="PASS" starttime="20230706 11:28:27.005" endtime="20230706 11:28:27.020"/>
</kw>
<kw name="Page Should Contain Element" library="SeleniumLibrary">
<arg>xpath:(//input[@type='text'])[7]</arg>
<doc>Verifies that element ``locator`` is found on the current page.</doc>
<msg timestamp="20230706 11:28:27.036" level="INFO">Current page contains element 'xpath:(//input[@type='text'])[7]'.</msg>
<status status="PASS" starttime="20230706 11:28:27.020" endtime="20230706 11:28:27.036"/>
</kw>
<kw name="Page Should Contain Element" library="SeleniumLibrary">
<arg>xpath://textarea[@id='address']</arg>
<doc>Verifies that element ``locator`` is found on the current page.</doc>
<msg timestamp="20230706 11:28:27.051" level="INFO">Current page contains element 'xpath://textarea[@id='address']'.</msg>
<status status="PASS" starttime="20230706 11:28:27.036" endtime="20230706 11:28:27.051"/>
</kw>
<kw name="Page Should Contain Element" library="SeleniumLibrary">
<arg>xpath:(//input[@type='file'])</arg>
<doc>Verifies that element ``locator`` is found on the current page.</doc>
<msg timestamp="20230706 11:28:27.067" level="INFO">Current page contains element 'xpath:(//input[@type='file'])'.</msg>
<status status="PASS" starttime="20230706 11:28:27.051" endtime="20230706 11:28:27.067"/>
</kw>
<kw name="Page Should Contain Element" library="SeleniumLibrary">
<arg>xpath://input[@id='yes']</arg>
<doc>Verifies that element ``locator`` is found on the current page.</doc>
<msg timestamp="20230706 11:28:27.083" level="INFO">Current page contains element 'xpath://input[@id='yes']'.</msg>
<status status="PASS" starttime="20230706 11:28:27.067" endtime="20230706 11:28:27.083"/>
</kw>
<kw name="Page Should Contain Element" library="SeleniumLibrary">
<arg>xpath://input[@id='no']</arg>
<doc>Verifies that element ``locator`` is found on the current page.</doc>
<msg timestamp="20230706 11:28:27.098" level="INFO">Current page contains element 'xpath://input[@id='no']'.</msg>
<status status="PASS" starttime="20230706 11:28:27.083" endtime="20230706 11:28:27.098"/>
</kw>
<kw name="Page Should Contain Element" library="SeleniumLibrary">
<arg>xpath://input[@id='notSure']</arg>
<doc>Verifies that element ``locator`` is found on the current page.</doc>
<msg timestamp="20230706 11:28:27.114" level="INFO">Current page contains element 'xpath://input[@id='notSure']'.</msg>
<status status="PASS" starttime="20230706 11:28:27.098" endtime="20230706 11:28:27.114"/>
</kw>
<kw name="Close Browser" library="SeleniumLibrary" type="TEARDOWN">
<doc>Closes the current browser.</doc>
<status status="PASS" starttime="20230706 11:28:27.114" endtime="20230706 11:28:29.291"/>
</kw>
<status status="PASS" starttime="20230706 11:28:21.280" endtime="20230706 11:28:29.291"/>
</test>
<test id="s1-t3" name="TestCase3" line="39">
<kw name="open browser with URL" type="SETUP">
<kw name="Open Browser" library="SeleniumLibrary">
<arg>http://${User name}:${Password}@sfwebhtml.sourcefuse.com/automation-form-demo-for-interview/</arg>
<arg>chrome</arg>
<doc>Opens a new browser instance to the optional ``url``.</doc>
<msg timestamp="20230706 11:28:29.291" level="INFO">Opening browser 'chrome' to base url 'http://sfwebhtml:t63KUfxL5vUyFLG4eqZNUcuRQ@sfwebhtml.sourcefuse.com/automation-form-demo-for-interview/'.</msg>
<status status="PASS" starttime="20230706 11:28:29.291" endtime="20230706 11:28:34.472"/>
</kw>
<status status="PASS" starttime="20230706 11:28:29.291" endtime="20230706 11:28:34.472"/>
</kw>
<kw name="Input Text" library="SeleniumLibrary">
<arg>xpath:(//input[@type='text'])[1]</arg>
<arg>Akash</arg>
<doc>Types the given ``text`` into the text field identified by ``locator``.</doc>
<msg timestamp="20230706 11:28:34.472" level="INFO">Typing text 'Akash' into text field 'xpath:(//input[@type='text'])[1]'.</msg>
<status status="PASS" starttime="20230706 11:28:34.472" endtime="20230706 11:28:34.649"/>
</kw>
<kw name="Input Text" library="SeleniumLibrary">
<arg>xpath:(//input[@type='text'])[2]</arg>
<arg>Dilwale</arg>
<doc>Types the given ``text`` into the text field identified by ``locator``.</doc>
<msg timestamp="20230706 11:28:34.649" level="INFO">Typing text 'Dilwale' into text field 'xpath:(//input[@type='text'])[2]'.</msg>
<status status="PASS" starttime="20230706 11:28:34.649" endtime="20230706 11:28:34.789"/>
</kw>
<kw name="Input Text" library="SeleniumLibrary">
<arg>xpath:(//input[@type='email'])</arg>
<arg>akashdilwale@gmail.com</arg>
<doc>Types the given ``text`` into the text field identified by ``locator``.</doc>
<msg timestamp="20230706 11:28:34.791" level="INFO">Typing text 'akashdilwale@gmail.com' into text field 'xpath:(//input[@type='email'])'.</msg>
<status status="PASS" starttime="20230706 11:28:34.790" endtime="20230706 11:28:34.946"/>
</kw>
<kw name="Input Text" library="SeleniumLibrary">
<arg>xpath:(//input[@type='text'])[3]</arg>
<arg>Smart Software Solution</arg>
<doc>Types the given ``text`` into the text field identified by ``locator``.</doc>
<msg timestamp="20230706 11:28:34.946" level="INFO">Typing text 'Smart Software Solution' into text field 'xpath:(//input[@type='text'])[3]'.</msg>
<status status="PASS" starttime="20230706 11:28:34.946" endtime="20230706 11:28:35.090"/>
</kw>
<kw name="Input Text" library="SeleniumLibrary">
<arg>xpath:(//input[@type='tel'])</arg>
<arg>7058221614</arg>
<doc>Types the given ``text`` into the text field identified by ``locator``.</doc>
<msg timestamp="20230706 11:28:35.090" level="INFO">Typing text '7058221614' into text field 'xpath:(//input[@type='tel'])'.</msg>
<status status="PASS" starttime="20230706 11:28:35.090" endtime="20230706 11:28:35.206"/>
</kw>
<kw name="Input Text" library="SeleniumLibrary">
<arg>xpath:(//input[@type='text'])[4]</arg>
<arg>09/06/1995</arg>
<doc>Types the given ``text`` into the text field identified by ``locator``.</doc>
<msg timestamp="20230706 11:28:35.206" level="INFO">Typing text '09/06/1995' into text field 'xpath:(//input[@type='text'])[4]'.</msg>
<status status="PASS" starttime="20230706 11:28:35.206" endtime="20230706 11:28:35.434"/>
</kw>
<kw name="Input Text" library="SeleniumLibrary">
<arg>xpath:(//input[@type='text'])[5]</arg>
<arg>Software Tester</arg>
<doc>Types the given ``text`` into the text field identified by ``locator``.</doc>
<msg timestamp="20230706 11:28:35.434" level="INFO">Typing text 'Software Tester' into text field 'xpath:(//input[@type='text'])[5]'.</msg>
<status status="PASS" starttime="20230706 11:28:35.434" endtime="20230706 11:28:35.604"/>
</kw>
<kw name="Input Text" library="SeleniumLibrary">
<arg>xpath:(//input[@type='url'])</arg>
<arg>https://akashdilwale.netlify</arg>
<doc>Types the given ``text`` into the text field identified by ``locator``.</doc>
<msg timestamp="20230706 11:28:35.605" level="INFO">Typing text 'https://akashdilwale.netlify' into text field 'xpath:(//input[@type='url'])'.</msg>
<status status="PASS" starttime="20230706 11:28:35.605" endtime="20230706 11:28:35.777"/>
</kw>
<kw name="Input Text" library="SeleniumLibrary">
<arg>xpath:(//input[@type='text'])[6]</arg>
<arg>1000000 negotiable</arg>
<doc>Types the given ``text`` into the text field identified by ``locator``.</doc>
<msg timestamp="20230706 11:28:35.781" level="INFO">Typing text '1000000 negotiable' into text field 'xpath:(//input[@type='text'])[6]'.</msg>
<status status="PASS" starttime="20230706 11:28:35.777" endtime="20230706 11:28:35.915"/>
</kw>
<kw name="Input Text" library="SeleniumLibrary">
<arg>xpath:(//input[@type='text'])[7]</arg>
<arg>07/20/2023</arg>
<doc>Types the given ``text`` into the text field identified by ``locator``.</doc>
<msg timestamp="20230706 11:28:35.915" level="INFO">Typing text '07/20/2023' into text field 'xpath:(//input[@type='text'])[7]'.</msg>
<status status="PASS" starttime="20230706 11:28:35.915" endtime="20230706 11:28:36.025"/>
</kw>
<kw name="Input Text" library="SeleniumLibrary">
<arg>xpath://textarea[@id='address']</arg>
<arg>At Post Paithn Aurangabad Maharastra</arg>
<doc>Types the given ``text`` into the text field identified by ``locator``.</doc>
<msg timestamp="20230706 11:28:36.025" level="INFO">Typing text 'At Post Paithn Aurangabad Maharastra' into text field 'xpath://textarea[@id='address']'.</msg>
<status status="PASS" starttime="20230706 11:28:36.025" endtime="20230706 11:28:36.189"/>
</kw>
<kw name="Choose File" library="SeleniumLibrary">
<arg>xpath:(//input[@type='file'])</arg>
<arg>C:\\Users\\ADMIN\\Desktop\\Akash_STE.pdf</arg>
<doc>Inputs the ``file_path`` into the file input field ``locator``.</doc>
<msg timestamp="20230706 11:28:36.190" level="INFO">Sending C:\Users\ADMIN\Desktop\Akash_STE.pdf to browser.</msg>
<status status="PASS" starttime="20230706 11:28:36.190" endtime="20230706 11:28:36.223"/>
</kw>
<kw name="Click Element" library="SeleniumLibrary">
<arg>xpath://input[@id='yes']</arg>
<doc>Click the element identified by ``locator``.</doc>
<msg timestamp="20230706 11:28:36.223" level="INFO">Clicking element 'xpath://input[@id='yes']'.</msg>
<status status="PASS" starttime="20230706 11:28:36.223" endtime="20230706 11:28:36.308"/>
</kw>
<kw name="Click Button" library="SeleniumLibrary">
<arg>xpath://button[@type='submit']</arg>
<doc>Clicks the button identified by ``locator``.</doc>
<msg timestamp="20230706 11:28:36.308" level="INFO">Clicking button 'xpath://button[@type='submit']'.</msg>
<status status="PASS" starttime="20230706 11:28:36.308" endtime="20230706 11:28:37.415"/>
</kw>
<kw name="Close Browser" library="SeleniumLibrary" type="TEARDOWN">
<doc>Closes the current browser.</doc>
<status status="PASS" starttime="20230706 11:28:37.415" endtime="20230706 11:28:39.599"/>
</kw>
<status status="PASS" starttime="20230706 11:28:29.291" endtime="20230706 11:28:39.599"/>
</test>
<status status="PASS" starttime="20230706 11:28:10.368" endtime="20230706 11:28:39.599"/>
</suite>
<statistics>
<total>
<stat pass="3" fail="0" skip="0">All Tests</stat>
</total>
<tag>
</tag>
<suite>
<stat pass="3" fail="0" skip="0" id="s1" name="Test Case1">Test Case1</stat>
</suite>
</statistics>
<errors>
</errors>
</robot>
